# JRE version: Java(TM) SE Runtime Environment (8.0_221-b11) (build 1.8.0_221-b11)
# Java VM: Java HotSpot(TM) 64-Bit Server VM (25.221-b11 mixed mode windows-amd64 compressed oops)
Heap:
 PSYoungGen      total 652800K, used 635947K [0x00000000d5d80000, 0x00000000fff80000, 0x0000000100000000)
  eden space 618496K, 100% used [0x00000000d5d80000,0x00000000fb980000,0x00000000fb980000)
  from space 34304K, 50% used [0x00000000fb980000,0x00000000fca8ac90,0x00000000fdb00000)
  to   space 32768K, 99% used [0x00000000fdf80000,0x00000000fff78c18,0x00000000fff80000)
 ParOldGen       total 256000K, used 205521K [0x0000000081800000, 0x0000000091200000, 0x00000000d5d80000)
  object space 256000K, 80% used [0x0000000081800000,0x000000008e0b4750,0x0000000091200000)
 Metaspace       used 18256K, capacity 18522K, committed 18688K, reserved 1064960K
  class space    used 2191K, capacity 2263K, committed 2304K, reserved 1048576K
GC Heap History (10 events):
Event: 64.802 GC heap after
Heap after GC invocations=34 (full 3):
 PSYoungGen      total 643584K, used 16843K [0x00000000d5d80000, 0x00000000fff80000, 0x0000000100000000)
  eden space 603136K, 0% used [0x00000000d5d80000,0x00000000d5d80000,0x00000000faa80000)
  from space 40448K, 41% used [0x00000000faa80000,0x00000000fbaf2c90,0x00000000fd200000)
  to   space 38400K, 0% used [0x00000000fda00000,0x00000000fda00000,0x00000000fff80000)
 ParOldGen       total 256000K, used 140285K [0x0000000081800000, 0x0000000091200000, 0x00000000d5d80000)
  object space 256000K, 54% used [0x0000000081800000,0x000000008a0ff4f0,0x0000000091200000)
 Metaspace       used 18251K, capacity 18522K, committed 18688K, reserved 1064960K
  class space    used 2191K, capacity 2263K, committed 2304K, reserved 1048576K
}
Event: 66.927 GC heap before
{Heap before GC invocations=35 (full 3):
 PSYoungGen      total 643584K, used 619979K [0x00000000d5d80000, 0x00000000fff80000, 0x0000000100000000)
  eden space 603136K, 100% used [0x00000000d5d80000,0x00000000faa80000,0x00000000faa80000)
  from space 40448K, 41% used [0x00000000faa80000,0x00000000fbaf2c90,0x00000000fd200000)
  to   space 38400K, 0% used [0x00000000fda00000,0x00000000fda00000,0x00000000fff80000)
 ParOldGen       total 256000K, used 140285K [0x0000000081800000, 0x0000000091200000, 0x00000000d5d80000)
  object space 256000K, 54% used [0x0000000081800000,0x000000008a0ff4f0,0x0000000091200000)
 Metaspace       used 18251K, capacity 18522K, committed 18688K, reserved 1064960K
  class space    used 2191K, capacity 2263K, committed 2304K, reserved 1048576K
Event: 66.963 GC heap after
Heap after GC invocations=35 (full 3):
 PSYoungGen      total 645632K, used 17003K [0x00000000d5d80000, 0x00000000ffb00000, 0x0000000100000000)
  eden space 611840K, 0% used [0x00000000d5d80000,0x00000000d5d80000,0x00000000fb300000)
  from space 33792K, 50% used [0x00000000fda00000,0x00000000fea9ac90,0x00000000ffb00000)
  to   space 36864K, 0% used [0x00000000fb300000,0x00000000fb300000,0x00000000fd700000)
 ParOldGen       total 256000K, used 141085K [0x0000000081800000, 0x0000000091200000, 0x00000000d5d80000)
  object space 256000K, 55% used [0x0000000081800000,0x000000008a1c74f0,0x0000000091200000)
 Metaspace       used 18251K, capacity 18522K, committed 18688K, reserved 1064960K
  class space    used 2191K, capacity 2263K, committed 2304K, reserved 1048576K
}
Event: 68.807 GC heap before
{Heap before GC invocations=36 (full 3):
 PSYoungGen      total 645632K, used 628843K [0x00000000d5d80000, 0x00000000ffb00000, 0x0000000100000000)
  eden space 611840K, 100% used [0x00000000d5d80000,0x00000000fb300000,0x00000000fb300000)
  from space 33792K, 50% used [0x00000000fda00000,0x00000000fea9ac90,0x00000000ffb00000)
  to   space 36864K, 0% used [0x00000000fb300000,0x00000000fb300000,0x00000000fd700000)
 ParOldGen       total 256000K, used 141085K [0x0000000081800000, 0x0000000091200000, 0x00000000d5d80000)
  object space 256000K, 55% used [0x0000000081800000,0x000000008a1c74f0,0x0000000091200000)
 Metaspace       used 18251K, capacity 18522K, committed 18688K, reserved 1064960K
  class space    used 2191K, capacity 2263K, committed 2304K, reserved 1048576K
Event: 68.839 GC heap after
Heap after GC invocations=36 (full 3):
 PSYoungGen      total 648704K, used 17211K [0x00000000d5d80000, 0x0000000100000000, 0x0000000100000000)
  eden space 611840K, 0% used [0x00000000d5d80000,0x00000000d5d80000,0x00000000fb300000)
  from space 36864K, 46% used [0x00000000fb300000,0x00000000fc3ceca0,0x00000000fd700000)
  to   space 35328K, 0% used [0x00000000fdd80000,0x00000000fdd80000,0x0000000100000000)
 ParOldGen       total 256000K, used 141885K [0x0000000081800000, 0x0000000091200000, 0x00000000d5d80000)
  object space 256000K, 55% used [0x0000000081800000,0x000000008a28f4f0,0x0000000091200000)
 Metaspace       used 18251K, capacity 18522K, committed 18688K, reserved 1064960K
  class space    used 2191K, capacity 2263K, committed 2304K, reserved 1048576K
}
Event: 70.705 GC heap before
{Heap before GC invocations=37 (full 3):
 PSYoungGen      total 648704K, used 629051K [0x00000000d5d80000, 0x0000000100000000, 0x0000000100000000)
  eden space 611840K, 100% used [0x00000000d5d80000,0x00000000fb300000,0x00000000fb300000)
  from space 36864K, 46% used [0x00000000fb300000,0x00000000fc3ceca0,0x00000000fd700000)
  to   space 35328K, 0% used [0x00000000fdd80000,0x00000000fdd80000,0x0000000100000000)
 ParOldGen       total 256000K, used 141885K [0x0000000081800000, 0x0000000091200000, 0x00000000d5d80000)
  object space 256000K, 55% used [0x0000000081800000,0x000000008a28f4f0,0x0000000091200000)
 Metaspace       used 18251K, capacity 18522K, committed 18688K, reserved 1064960K
  class space    used 2191K, capacity 2263K, committed 2304K, reserved 1048576K
Event: 70.737 GC heap after
Heap after GC invocations=37 (full 3):
 PSYoungGen      total 650240K, used 17323K [0x00000000d5d80000, 0x00000000ffc80000, 0x0000000100000000)
  eden space 618496K, 0% used [0x00000000d5d80000,0x00000000d5d80000,0x00000000fb980000)
  from space 31744K, 54% used [0x00000000fdd80000,0x00000000fee6ac90,0x00000000ffc80000)
  to   space 34304K, 0% used [0x00000000fb980000,0x00000000fb980000,0x00000000fdb00000)
 ParOldGen       total 256000K, used 142709K [0x0000000081800000, 0x0000000091200000, 0x00000000d5d80000)
  object space 256000K, 55% used [0x0000000081800000,0x000000008a35d4f0,0x0000000091200000)
 Metaspace       used 18251K, capacity 18522K, committed 18688K, reserved 1064960K
  class space    used 2191K, capacity 2263K, committed 2304K, reserved 1048576K
}
Event: 73.921 GC heap before
{Heap before GC invocations=38 (full 3):
 PSYoungGen      total 650240K, used 635819K [0x00000000d5d80000, 0x00000000ffc80000, 0x0000000100000000)
  eden space 618496K, 100% used [0x00000000d5d80000,0x00000000fb980000,0x00000000fb980000)
  from space 31744K, 54% used [0x00000000fdd80000,0x00000000fee6ac90,0x00000000ffc80000)
  to   space 34304K, 0% used [0x00000000fb980000,0x00000000fb980000,0x00000000fdb00000)
 ParOldGen       total 256000K, used 142709K [0x0000000081800000, 0x0000000091200000, 0x00000000d5d80000)
  object space 256000K, 55% used [0x0000000081800000,0x000000008a35d4f0,0x0000000091200000)
 Metaspace       used 18251K, capacity 18522K, committed 18688K, reserved 1064960K
  class space    used 2191K, capacity 2263K, committed 2304K, reserved 1048576K
Event: 73.993 GC heap after
Heap after GC invocations=38 (full 3):
 PSYoungGen      total 652800K, used 17451K [0x00000000d5d80000, 0x00000000fff80000, 0x0000000100000000)
  eden space 618496K, 0% used [0x00000000d5d80000,0x00000000d5d80000,0x00000000fb980000)
  from space 34304K, 50% used [0x00000000fb980000,0x00000000fca8ac90,0x00000000fdb00000)
  to   space 32768K, 0% used [0x00000000fdf80000,0x00000000fdf80000,0x00000000fff80000)
 ParOldGen       total 256000K, used 143533K [0x0000000081800000, 0x0000000091200000, 0x00000000d5d80000)
  object space 256000K, 56% used [0x0000000081800000,0x000000008a42b4f0,0x0000000091200000)
 Metaspace       used 18251K, capacity 18522K, committed 18688K, reserved 1064960K
  class space    used 2191K, capacity 2263K, committed 2304K, reserved 1048576K
}
Event: 82.739 GC heap before
{Heap before GC invocations=39 (full 3):
 PSYoungGen      total 652800K, used 635947K [0x00000000d5d80000, 0x00000000fff80000, 0x0000000100000000)
  eden space 618496K, 100% used [0x00000000d5d80000,0x00000000fb980000,0x00000000fb980000)
  from space 34304K, 50% used [0x00000000fb980000,0x00000000fca8ac90,0x00000000fdb00000)
  to   space 32768K, 0% used [0x00000000fdf80000,0x00000000fdf80000,0x00000000fff80000)
 ParOldGen       total 256000K, used 143533K [0x0000000081800000, 0x0000000091200000, 0x00000000d5d80000)
  object space 256000K, 56% used [0x0000000081800000,0x000000008a42b4f0,0x0000000091200000)
 Metaspace       used 18256K, capacity 18522K, committed 18688K, reserved 1064960K
  class space    used 2191K, capacity 2263K, committed 2304K, reserved 1048576K

