# JRE version: Java(TM) SE Runtime Environment (8.0_221-b11) (build 1.8.0_221-b11)
# Java VM: Java HotSpot(TM) 64-Bit Server VM (25.221-b11 mixed mode windows-amd64 compressed oops)
Heap:
 PSYoungGen      total 460800K, used 58730K [0x00000000d5d80000, 0x0000000100000000, 0x0000000100000000)
  eden space 230912K, 0% used [0x00000000d5d80000,0x00000000d5d80000,0x00000000e3f00000)
  from space 229888K, 25% used [0x00000000e3f00000,0x00000000e785a968,0x00000000f1f80000)
  to   space 229888K, 0% used [0x00000000f1f80000,0x00000000f1f80000,0x0000000100000000)
 ParOldGen       total 717312K, used 700787K [0x0000000081800000, 0x00000000ad480000, 0x00000000d5d80000)
  object space 717312K, 97% used [0x0000000081800000,0x00000000ac45ce00,0x00000000ad480000)
 Metaspace       used 26264K, capacity 26612K, committed 26880K, reserved 1073152K
  class space    used 3432K, capacity 3552K, committed 3584K, reserved 1048576K
GC Heap History (10 events):
Event: 90.412 GC heap after
Heap after GC invocations=39 (full 6):
 PSYoungGen      total 460800K, used 61096K [0x00000000d5d80000, 0x0000000100000000, 0x0000000100000000)
  eden space 230912K, 0% used [0x00000000d5d80000,0x00000000d5d80000,0x00000000e3f00000)
  from space 229888K, 26% used [0x00000000e3f00000,0x00000000e7aaa3b0,0x00000000f1f80000)
  to   space 229888K, 0% used [0x00000000f1f80000,0x00000000f1f80000,0x0000000100000000)
 ParOldGen       total 717312K, used 530845K [0x0000000081800000, 0x00000000ad480000, 0x00000000d5d80000)
  object space 717312K, 74% used [0x0000000081800000,0x00000000a1e67758,0x00000000ad480000)
 Metaspace       used 26264K, capacity 26612K, committed 26880K, reserved 1073152K
  class space    used 3432K, capacity 3552K, committed 3584K, reserved 1048576K
}
Event: 92.491 GC heap before
{Heap before GC invocations=40 (full 6):
 PSYoungGen      total 460800K, used 292008K [0x00000000d5d80000, 0x0000000100000000, 0x0000000100000000)
  eden space 230912K, 100% used [0x00000000d5d80000,0x00000000e3f00000,0x00000000e3f00000)
  from space 229888K, 26% used [0x00000000e3f00000,0x00000000e7aaa3b0,0x00000000f1f80000)
  to   space 229888K, 0% used [0x00000000f1f80000,0x00000000f1f80000,0x0000000100000000)
 ParOldGen       total 717312K, used 530845K [0x0000000081800000, 0x00000000ad480000, 0x00000000d5d80000)
  object space 717312K, 74% used [0x0000000081800000,0x00000000a1e67758,0x00000000ad480000)
 Metaspace       used 26264K, capacity 26612K, committed 26880K, reserved 1073152K
  class space    used 3432K, capacity 3552K, committed 3584K, reserved 1048576K
Event: 92.645 GC heap after
Heap after GC invocations=40 (full 6):
 PSYoungGen      total 460800K, used 137597K [0x00000000d5d80000, 0x0000000100000000, 0x0000000100000000)
  eden space 230912K, 0% used [0x00000000d5d80000,0x00000000d5d80000,0x00000000e3f00000)
  from space 229888K, 59% used [0x00000000f1f80000,0x00000000fa5df400,0x0000000100000000)
  to   space 229888K, 0% used [0x00000000e3f00000,0x00000000e3f00000,0x00000000f1f80000)
 ParOldGen       total 717312K, used 543781K [0x0000000081800000, 0x00000000ad480000, 0x00000000d5d80000)
  object space 717312K, 75% used [0x0000000081800000,0x00000000a2b09540,0x00000000ad480000)
 Metaspace       used 26264K, capacity 26612K, committed 26880K, reserved 1073152K
  class space    used 3432K, capacity 3552K, committed 3584K, reserved 1048576K
}
Event: 94.094 GC heap before
{Heap before GC invocations=41 (full 6):
 PSYoungGen      total 460800K, used 368509K [0x00000000d5d80000, 0x0000000100000000, 0x0000000100000000)
  eden space 230912K, 100% used [0x00000000d5d80000,0x00000000e3f00000,0x00000000e3f00000)
  from space 229888K, 59% used [0x00000000f1f80000,0x00000000fa5df400,0x0000000100000000)
  to   space 229888K, 0% used [0x00000000e3f00000,0x00000000e3f00000,0x00000000f1f80000)
 ParOldGen       total 717312K, used 543781K [0x0000000081800000, 0x00000000ad480000, 0x00000000d5d80000)
  object space 717312K, 75% used [0x0000000081800000,0x00000000a2b09540,0x00000000ad480000)
 Metaspace       used 26264K, capacity 26612K, committed 26880K, reserved 1073152K
  class space    used 3432K, capacity 3552K, committed 3584K, reserved 1048576K
Event: 94.280 GC heap after
Heap after GC invocations=41 (full 6):
 PSYoungGen      total 460800K, used 152470K [0x00000000d5d80000, 0x0000000100000000, 0x0000000100000000)
  eden space 230912K, 0% used [0x00000000d5d80000,0x00000000d5d80000,0x00000000e3f00000)
  from space 229888K, 66% used [0x00000000e3f00000,0x00000000ed3e5ab8,0x00000000f1f80000)
  to   space 229888K, 0% used [0x00000000f1f80000,0x00000000f1f80000,0x0000000100000000)
 ParOldGen       total 717312K, used 553230K [0x0000000081800000, 0x00000000ad480000, 0x00000000d5d80000)
  object space 717312K, 77% used [0x0000000081800000,0x00000000a3443bd0,0x00000000ad480000)
 Metaspace       used 26264K, capacity 26612K, committed 26880K, reserved 1073152K
  class space    used 3432K, capacity 3552K, committed 3584K, reserved 1048576K
}
Event: 96.214 GC heap before
{Heap before GC invocations=42 (full 6):
 PSYoungGen      total 460800K, used 383382K [0x00000000d5d80000, 0x0000000100000000, 0x0000000100000000)
  eden space 230912K, 100% used [0x00000000d5d80000,0x00000000e3f00000,0x00000000e3f00000)
  from space 229888K, 66% used [0x00000000e3f00000,0x00000000ed3e5ab8,0x00000000f1f80000)
  to   space 229888K, 0% used [0x00000000f1f80000,0x00000000f1f80000,0x0000000100000000)
 ParOldGen       total 717312K, used 553230K [0x0000000081800000, 0x00000000ad480000, 0x00000000d5d80000)
  object space 717312K, 77% used [0x0000000081800000,0x00000000a3443bd0,0x00000000ad480000)
 Metaspace       used 26264K, capacity 26612K, committed 26880K, reserved 1073152K
  class space    used 3432K, capacity 3552K, committed 3584K, reserved 1048576K
Event: 96.423 GC heap after
Heap after GC invocations=42 (full 6):
 PSYoungGen      total 460800K, used 140873K [0x00000000d5d80000, 0x0000000100000000, 0x0000000100000000)
  eden space 230912K, 0% used [0x00000000d5d80000,0x00000000d5d80000,0x00000000e3f00000)
  from space 229888K, 61% used [0x00000000f1f80000,0x00000000fa9127b8,0x0000000100000000)
  to   space 229888K, 0% used [0x00000000e3f00000,0x00000000e3f00000,0x00000000f1f80000)
 ParOldGen       total 717312K, used 590847K [0x0000000081800000, 0x00000000ad480000, 0x00000000d5d80000)
  object space 717312K, 82% used [0x0000000081800000,0x00000000a58fffc8,0x00000000ad480000)
 Metaspace       used 26264K, capacity 26612K, committed 26880K, reserved 1073152K
  class space    used 3432K, capacity 3552K, committed 3584K, reserved 1048576K
}
Event: 99.914 GC heap before
{Heap before GC invocations=43 (full 6):
 PSYoungGen      total 460800K, used 365692K [0x00000000d5d80000, 0x0000000100000000, 0x0000000100000000)
  eden space 230912K, 97% used [0x00000000d5d80000,0x00000000e390c970,0x00000000e3f00000)
  from space 229888K, 61% used [0x00000000f1f80000,0x00000000fa9127b8,0x0000000100000000)
  to   space 229888K, 0% used [0x00000000e3f00000,0x00000000e3f00000,0x00000000f1f80000)
 ParOldGen       total 717312K, used 590847K [0x0000000081800000, 0x00000000ad480000, 0x00000000d5d80000)
  object space 717312K, 82% used [0x0000000081800000,0x00000000a58fffc8,0x00000000ad480000)
 Metaspace       used 26264K, capacity 26612K, committed 26880K, reserved 1073152K
  class space    used 3432K, capacity 3552K, committed 3584K, reserved 1048576K
Event: 100.162 GC heap after
Heap after GC invocations=43 (full 6):
 PSYoungGen      total 460800K, used 58730K [0x00000000d5d80000, 0x0000000100000000, 0x0000000100000000)
  eden space 230912K, 0% used [0x00000000d5d80000,0x00000000d5d80000,0x00000000e3f00000)
  from space 229888K, 25% used [0x00000000e3f00000,0x00000000e785a968,0x00000000f1f80000)
  to   space 229888K, 0% used [0x00000000f1f80000,0x00000000f1f80000,0x0000000100000000)
 ParOldGen       total 717312K, used 700787K [0x0000000081800000, 0x00000000ad480000, 0x00000000d5d80000)
  object space 717312K, 97% used [0x0000000081800000,0x00000000ac45ce00,0x00000000ad480000)
 Metaspace       used 26264K, capacity 26612K, committed 26880K, reserved 1073152K
  class space    used 3432K, capacity 3552K, committed 3584K, reserved 1048576K
}
Event: 100.162 GC heap before
{Heap before GC invocations=44 (full 7):
 PSYoungGen      total 460800K, used 58730K [0x00000000d5d80000, 0x0000000100000000, 0x0000000100000000)
  eden space 230912K, 0% used [0x00000000d5d80000,0x00000000d5d80000,0x00000000e3f00000)
  from space 229888K, 25% used [0x00000000e3f00000,0x00000000e785a968,0x00000000f1f80000)
  to   space 229888K, 0% used [0x00000000f1f80000,0x00000000f1f80000,0x0000000100000000)
 ParOldGen       total 717312K, used 700787K [0x0000000081800000, 0x00000000ad480000, 0x00000000d5d80000)
  object space 717312K, 97% used [0x0000000081800000,0x00000000ac45ce00,0x00000000ad480000)
 Metaspace       used 26264K, capacity 26612K, committed 26880K, reserved 1073152K
  class space    used 3432K, capacity 3552K, committed 3584K, reserved 1048576K

