# JRE version: Java(TM) SE Runtime Environment (8.0_221-b11) (build 1.8.0_221-b11)
# Java VM: Java HotSpot(TM) 64-Bit Server VM (25.221-b11 mixed mode windows-amd64 compressed oops)
Heap:
 PSYoungGen      total 594432K, used 560488K [0x00000000d5d80000, 0x0000000100000000, 0x0000000100000000)
  eden space 498176K, 100% used [0x00000000d5d80000,0x00000000f4400000,0x00000000f4400000)
  from space 96256K, 64% used [0x00000000fa200000,0x00000000fdeda1e0,0x0000000100000000)
  to   space 96256K, 65% used [0x00000000f4400000,0x00000000f81521e0,0x00000000fa200000)
 ParOldGen       total 175104K, used 102865K [0x0000000081800000, 0x000000008c300000, 0x00000000d5d80000)
  object space 175104K, 58% used [0x0000000081800000,0x0000000087c74480,0x000000008c300000)
 Metaspace       used 18274K, capacity 18554K, committed 18688K, reserved 1064960K
  class space    used 2196K, capacity 2297K, committed 2304K, reserved 1048576K
GC Heap History (10 events):
Event: 25.433 GC heap after
Heap after GC invocations=19 (full 1):
 PSYoungGen      total 595456K, used 59883K [0x00000000d5d80000, 0x0000000100000000, 0x0000000100000000)
  eden space 502272K, 0% used [0x00000000d5d80000,0x00000000d5d80000,0x00000000f4800000)
  from space 93184K, 64% used [0x00000000fa500000,0x00000000fdf7ad78,0x0000000100000000)
  to   space 94208K, 0% used [0x00000000f4800000,0x00000000f4800000,0x00000000fa400000)
 ParOldGen       total 175104K, used 102865K [0x0000000081800000, 0x000000008c300000, 0x00000000d5d80000)
  object space 175104K, 58% used [0x0000000081800000,0x0000000087c74480,0x000000008c300000)
 Metaspace       used 18274K, capacity 18554K, committed 18688K, reserved 1064960K
  class space    used 2196K, capacity 2297K, committed 2304K, reserved 1048576K
}
Event: 26.695 GC heap before
{Heap before GC invocations=20 (full 1):
 PSYoungGen      total 595456K, used 562155K [0x00000000d5d80000, 0x0000000100000000, 0x0000000100000000)
  eden space 502272K, 100% used [0x00000000d5d80000,0x00000000f4800000,0x00000000f4800000)
  from space 93184K, 64% used [0x00000000fa500000,0x00000000fdf7ad78,0x0000000100000000)
  to   space 94208K, 0% used [0x00000000f4800000,0x00000000f4800000,0x00000000fa400000)
 ParOldGen       total 175104K, used 102865K [0x0000000081800000, 0x000000008c300000, 0x00000000d5d80000)
  object space 175104K, 58% used [0x0000000081800000,0x0000000087c74480,0x000000008c300000)
 Metaspace       used 18274K, capacity 18554K, committed 18688K, reserved 1064960K
  class space    used 2196K, capacity 2297K, committed 2304K, reserved 1048576K
Event: 26.776 GC heap after
Heap after GC invocations=20 (full 1):
 PSYoungGen      total 563200K, used 60744K [0x00000000d5d80000, 0x0000000100000000, 0x0000000100000000)
  eden space 502272K, 0% used [0x00000000d5d80000,0x00000000d5d80000,0x00000000f4800000)
  from space 60928K, 99% used [0x00000000f4800000,0x00000000f83521e0,0x00000000f8380000)
  to   space 95232K, 0% used [0x00000000fa300000,0x00000000fa300000,0x0000000100000000)
 ParOldGen       total 175104K, used 102865K [0x0000000081800000, 0x000000008c300000, 0x00000000d5d80000)
  object space 175104K, 58% used [0x0000000081800000,0x0000000087c74480,0x000000008c300000)
 Metaspace       used 18274K, capacity 18554K, committed 18688K, reserved 1064960K
  class space    used 2196K, capacity 2297K, committed 2304K, reserved 1048576K
}
Event: 28.280 GC heap before
{Heap before GC invocations=21 (full 1):
 PSYoungGen      total 563200K, used 563016K [0x00000000d5d80000, 0x0000000100000000, 0x0000000100000000)
  eden space 502272K, 100% used [0x00000000d5d80000,0x00000000f4800000,0x00000000f4800000)
  from space 60928K, 99% used [0x00000000f4800000,0x00000000f83521e0,0x00000000f8380000)
  to   space 95232K, 0% used [0x00000000fa300000,0x00000000fa300000,0x0000000100000000)
 ParOldGen       total 175104K, used 102865K [0x0000000081800000, 0x000000008c300000, 0x00000000d5d80000)
  object space 175104K, 58% used [0x0000000081800000,0x0000000087c74480,0x000000008c300000)
 Metaspace       used 18274K, capacity 18554K, committed 18688K, reserved 1064960K
  class space    used 2196K, capacity 2297K, committed 2304K, reserved 1048576K
Event: 28.365 GC heap after
Heap after GC invocations=21 (full 1):
 PSYoungGen      total 594432K, used 61288K [0x00000000d5d80000, 0x0000000100000000, 0x0000000100000000)
  eden space 499200K, 0% used [0x00000000d5d80000,0x00000000d5d80000,0x00000000f4500000)
  from space 95232K, 64% used [0x00000000fa300000,0x00000000fdeda1e0,0x0000000100000000)
  to   space 95744K, 0% used [0x00000000f4500000,0x00000000f4500000,0x00000000fa280000)
 ParOldGen       total 175104K, used 102865K [0x0000000081800000, 0x000000008c300000, 0x00000000d5d80000)
  object space 175104K, 58% used [0x0000000081800000,0x0000000087c74480,0x000000008c300000)
 Metaspace       used 18274K, capacity 18554K, committed 18688K, reserved 1064960K
  class space    used 2196K, capacity 2297K, committed 2304K, reserved 1048576K
}
Event: 30.090 GC heap before
{Heap before GC invocations=22 (full 1):
 PSYoungGen      total 594432K, used 560488K [0x00000000d5d80000, 0x0000000100000000, 0x0000000100000000)
  eden space 499200K, 100% used [0x00000000d5d80000,0x00000000f4500000,0x00000000f4500000)
  from space 95232K, 64% used [0x00000000fa300000,0x00000000fdeda1e0,0x0000000100000000)
  to   space 95744K, 0% used [0x00000000f4500000,0x00000000f4500000,0x00000000fa280000)
 ParOldGen       total 175104K, used 102865K [0x0000000081800000, 0x000000008c300000, 0x00000000d5d80000)
  object space 175104K, 58% used [0x0000000081800000,0x0000000087c74480,0x000000008c300000)
 Metaspace       used 18274K, capacity 18554K, committed 18688K, reserved 1064960K
  class space    used 2196K, capacity 2297K, committed 2304K, reserved 1048576K
Event: 30.174 GC heap after
Heap after GC invocations=22 (full 1):
 PSYoungGen      total 561152K, used 61832K [0x00000000d5d80000, 0x0000000100000000, 0x0000000100000000)
  eden space 499200K, 0% used [0x00000000d5d80000,0x00000000d5d80000,0x00000000f4500000)
  from space 61952K, 99% used [0x00000000f4500000,0x00000000f81621e0,0x00000000f8180000)
  to   space 96256K, 0% used [0x00000000fa200000,0x00000000fa200000,0x0000000100000000)
 ParOldGen       total 175104K, used 102865K [0x0000000081800000, 0x000000008c300000, 0x00000000d5d80000)
  object space 175104K, 58% used [0x0000000081800000,0x0000000087c74480,0x000000008c300000)
 Metaspace       used 18274K, capacity 18554K, committed 18688K, reserved 1064960K
  class space    used 2196K, capacity 2297K, committed 2304K, reserved 1048576K
}
Event: 31.813 GC heap before
{Heap before GC invocations=23 (full 1):
 PSYoungGen      total 561152K, used 561032K [0x00000000d5d80000, 0x0000000100000000, 0x0000000100000000)
  eden space 499200K, 100% used [0x00000000d5d80000,0x00000000f4500000,0x00000000f4500000)
  from space 61952K, 99% used [0x00000000f4500000,0x00000000f81621e0,0x00000000f8180000)
  to   space 96256K, 0% used [0x00000000fa200000,0x00000000fa200000,0x0000000100000000)
 ParOldGen       total 175104K, used 102865K [0x0000000081800000, 0x000000008c300000, 0x00000000d5d80000)
  object space 175104K, 58% used [0x0000000081800000,0x0000000087c74480,0x000000008c300000)
 Metaspace       used 18274K, capacity 18554K, committed 18688K, reserved 1064960K
  class space    used 2196K, capacity 2297K, committed 2304K, reserved 1048576K
Event: 31.911 GC heap after
Heap after GC invocations=23 (full 1):
 PSYoungGen      total 594432K, used 62312K [0x00000000d5d80000, 0x0000000100000000, 0x0000000100000000)
  eden space 498176K, 0% used [0x00000000d5d80000,0x00000000d5d80000,0x00000000f4400000)
  from space 96256K, 64% used [0x00000000fa200000,0x00000000fdeda1e0,0x0000000100000000)
  to   space 96256K, 0% used [0x00000000f4400000,0x00000000f4400000,0x00000000fa200000)
 ParOldGen       total 175104K, used 102865K [0x0000000081800000, 0x000000008c300000, 0x00000000d5d80000)
  object space 175104K, 58% used [0x0000000081800000,0x0000000087c74480,0x000000008c300000)
 Metaspace       used 18274K, capacity 18554K, committed 18688K, reserved 1064960K
  class space    used 2196K, capacity 2297K, committed 2304K, reserved 1048576K
}
Event: 33.687 GC heap before
{Heap before GC invocations=24 (full 1):
 PSYoungGen      total 594432K, used 560488K [0x00000000d5d80000, 0x0000000100000000, 0x0000000100000000)
  eden space 498176K, 100% used [0x00000000d5d80000,0x00000000f4400000,0x00000000f4400000)
  from space 96256K, 64% used [0x00000000fa200000,0x00000000fdeda1e0,0x0000000100000000)
  to   space 96256K, 0% used [0x00000000f4400000,0x00000000f4400000,0x00000000fa200000)
 ParOldGen       total 175104K, used 102865K [0x0000000081800000, 0x000000008c300000, 0x00000000d5d80000)
  object space 175104K, 58% used [0x0000000081800000,0x0000000087c74480,0x000000008c300000)
 Metaspace       used 18274K, capacity 18554K, committed 18688K, reserved 1064960K
  class space    used 2196K, capacity 2297K, committed 2304K, reserved 1048576K

