# JRE version: Java(TM) SE Runtime Environment (8.0_221-b11) (build 1.8.0_221-b11)
# Java VM: Java HotSpot(TM) 64-Bit Server VM (25.221-b11 mixed mode windows-amd64 compressed oops)
Heap:
 PSYoungGen      total 591360K, used 8678K [0x00000000d5d80000, 0x0000000100000000, 0x0000000100000000)
  eden space 499200K, 0% used [0x00000000d5d80000,0x00000000d5d80000,0x00000000f4500000)
  from space 92160K, 9% used [0x00000000f4500000,0x00000000f4d79aa8,0x00000000f9f00000)
  to   space 95232K, 0% used [0x00000000fa300000,0x00000000fa300000,0x0000000100000000)
 ParOldGen       total 174592K, used 158659K [0x0000000081800000, 0x000000008c280000, 0x00000000d5d80000)
  object space 174592K, 90% used [0x0000000081800000,0x000000008b2f0d38,0x000000008c280000)
 Metaspace       used 18367K, capacity 18626K, committed 18944K, reserved 1067008K
  class space    used 2201K, capacity 2297K, committed 2304K, reserved 1048576K
GC Heap History (10 events):
Event: 38.323 GC heap after
Heap after GC invocations=22 (full 1):
 PSYoungGen      total 594944K, used 61624K [0x00000000d5d80000, 0x0000000100000000, 0x0000000100000000)
  eden space 499200K, 0% used [0x00000000d5d80000,0x00000000d5d80000,0x00000000f4500000)
  from space 95744K, 64% used [0x00000000f4500000,0x00000000f812e1f0,0x00000000fa280000)
  to   space 95744K, 0% used [0x00000000fa280000,0x00000000fa280000,0x0000000100000000)
 ParOldGen       total 174592K, used 103124K [0x0000000081800000, 0x000000008c280000, 0x00000000d5d80000)
  object space 174592K, 59% used [0x0000000081800000,0x0000000087cb51b0,0x000000008c280000)
 Metaspace       used 18356K, capacity 18626K, committed 18944K, reserved 1067008K
  class space    used 2201K, capacity 2297K, committed 2304K, reserved 1048576K
}
Event: 40.009 GC heap before
{Heap before GC invocations=23 (full 1):
 PSYoungGen      total 594944K, used 560824K [0x00000000d5d80000, 0x0000000100000000, 0x0000000100000000)
  eden space 499200K, 100% used [0x00000000d5d80000,0x00000000f4500000,0x00000000f4500000)
  from space 95744K, 64% used [0x00000000f4500000,0x00000000f812e1f0,0x00000000fa280000)
  to   space 95744K, 0% used [0x00000000fa280000,0x00000000fa280000,0x0000000100000000)
 ParOldGen       total 174592K, used 103124K [0x0000000081800000, 0x000000008c280000, 0x00000000d5d80000)
  object space 174592K, 59% used [0x0000000081800000,0x0000000087cb51b0,0x000000008c280000)
 Metaspace       used 18356K, capacity 18626K, committed 18944K, reserved 1067008K
  class space    used 2201K, capacity 2297K, committed 2304K, reserved 1048576K
Event: 40.116 GC heap after
Heap after GC invocations=23 (full 1):
 PSYoungGen      total 594944K, used 62152K [0x00000000d5d80000, 0x0000000100000000, 0x0000000100000000)
  eden space 499200K, 0% used [0x00000000d5d80000,0x00000000d5d80000,0x00000000f4500000)
  from space 95744K, 64% used [0x00000000fa280000,0x00000000fdf321e0,0x0000000100000000)
  to   space 95744K, 0% used [0x00000000f4500000,0x00000000f4500000,0x00000000fa280000)
 ParOldGen       total 174592K, used 103132K [0x0000000081800000, 0x000000008c280000, 0x00000000d5d80000)
  object space 174592K, 59% used [0x0000000081800000,0x0000000087cb71b0,0x000000008c280000)
 Metaspace       used 18356K, capacity 18626K, committed 18944K, reserved 1067008K
  class space    used 2201K, capacity 2297K, committed 2304K, reserved 1048576K
}
Event: 41.813 GC heap before
{Heap before GC invocations=24 (full 1):
 PSYoungGen      total 594944K, used 561352K [0x00000000d5d80000, 0x0000000100000000, 0x0000000100000000)
  eden space 499200K, 100% used [0x00000000d5d80000,0x00000000f4500000,0x00000000f4500000)
  from space 95744K, 64% used [0x00000000fa280000,0x00000000fdf321e0,0x0000000100000000)
  to   space 95744K, 0% used [0x00000000f4500000,0x00000000f4500000,0x00000000fa280000)
 ParOldGen       total 174592K, used 103132K [0x0000000081800000, 0x000000008c280000, 0x00000000d5d80000)
  object space 174592K, 59% used [0x0000000081800000,0x0000000087cb71b0,0x000000008c280000)
 Metaspace       used 18356K, capacity 18626K, committed 18944K, reserved 1067008K
  class space    used 2201K, capacity 2297K, committed 2304K, reserved 1048576K
Event: 41.923 GC heap after
Heap after GC invocations=24 (full 1):
 PSYoungGen      total 594944K, used 62664K [0x00000000d5d80000, 0x0000000100000000, 0x0000000100000000)
  eden space 499200K, 0% used [0x00000000d5d80000,0x00000000d5d80000,0x00000000f4500000)
  from space 95744K, 65% used [0x00000000f4500000,0x00000000f82321e0,0x00000000fa280000)
  to   space 95744K, 0% used [0x00000000fa280000,0x00000000fa280000,0x0000000100000000)
 ParOldGen       total 174592K, used 103132K [0x0000000081800000, 0x000000008c280000, 0x00000000d5d80000)
  object space 174592K, 59% used [0x0000000081800000,0x0000000087cb71b0,0x000000008c280000)
 Metaspace       used 18356K, capacity 18626K, committed 18944K, reserved 1067008K
  class space    used 2201K, capacity 2297K, committed 2304K, reserved 1048576K
}
Event: 43.594 GC heap before
{Heap before GC invocations=25 (full 1):
 PSYoungGen      total 594944K, used 561864K [0x00000000d5d80000, 0x0000000100000000, 0x0000000100000000)
  eden space 499200K, 100% used [0x00000000d5d80000,0x00000000f4500000,0x00000000f4500000)
  from space 95744K, 65% used [0x00000000f4500000,0x00000000f82321e0,0x00000000fa280000)
  to   space 95744K, 0% used [0x00000000fa280000,0x00000000fa280000,0x0000000100000000)
 ParOldGen       total 174592K, used 103132K [0x0000000081800000, 0x000000008c280000, 0x00000000d5d80000)
  object space 174592K, 59% used [0x0000000081800000,0x0000000087cb71b0,0x000000008c280000)
 Metaspace       used 18356K, capacity 18626K, committed 18944K, reserved 1067008K
  class space    used 2201K, capacity 2297K, committed 2304K, reserved 1048576K
Event: 43.726 GC heap after
Heap after GC invocations=25 (full 1):
 PSYoungGen      total 587776K, used 49253K [0x00000000d5d80000, 0x00000000ff900000, 0x0000000100000000)
  eden space 499200K, 0% used [0x00000000d5d80000,0x00000000d5d80000,0x00000000f4500000)
  from space 88576K, 55% used [0x00000000fa280000,0x00000000fd299600,0x00000000ff900000)
  to   space 92160K, 0% used [0x00000000f4500000,0x00000000f4500000,0x00000000f9f00000)
 ParOldGen       total 174592K, used 117364K [0x0000000081800000, 0x000000008c280000, 0x00000000d5d80000)
  object space 174592K, 67% used [0x0000000081800000,0x0000000088a9d1e0,0x000000008c280000)
 Metaspace       used 18356K, capacity 18626K, committed 18944K, reserved 1067008K
  class space    used 2201K, capacity 2297K, committed 2304K, reserved 1048576K
}
Event: 45.480 GC heap before
{Heap before GC invocations=26 (full 1):
 PSYoungGen      total 587776K, used 548453K [0x00000000d5d80000, 0x00000000ff900000, 0x0000000100000000)
  eden space 499200K, 100% used [0x00000000d5d80000,0x00000000f4500000,0x00000000f4500000)
  from space 88576K, 55% used [0x00000000fa280000,0x00000000fd299600,0x00000000ff900000)
  to   space 92160K, 0% used [0x00000000f4500000,0x00000000f4500000,0x00000000f9f00000)
 ParOldGen       total 174592K, used 117364K [0x0000000081800000, 0x000000008c280000, 0x00000000d5d80000)
  object space 174592K, 67% used [0x0000000081800000,0x0000000088a9d1e0,0x000000008c280000)
 Metaspace       used 18367K, capacity 18626K, committed 18944K, reserved 1067008K
  class space    used 2201K, capacity 2297K, committed 2304K, reserved 1048576K
Event: 45.573 GC heap after
Heap after GC invocations=26 (full 1):
 PSYoungGen      total 591360K, used 8678K [0x00000000d5d80000, 0x0000000100000000, 0x0000000100000000)
  eden space 499200K, 0% used [0x00000000d5d80000,0x00000000d5d80000,0x00000000f4500000)
  from space 92160K, 9% used [0x00000000f4500000,0x00000000f4d79aa8,0x00000000f9f00000)
  to   space 95232K, 0% used [0x00000000fa300000,0x00000000fa300000,0x0000000100000000)
 ParOldGen       total 174592K, used 158659K [0x0000000081800000, 0x000000008c280000, 0x00000000d5d80000)
  object space 174592K, 90% used [0x0000000081800000,0x000000008b2f0d38,0x000000008c280000)
 Metaspace       used 18367K, capacity 18626K, committed 18944K, reserved 1067008K
  class space    used 2201K, capacity 2297K, committed 2304K, reserved 1048576K
}
Event: 45.573 GC heap before
{Heap before GC invocations=27 (full 2):
 PSYoungGen      total 591360K, used 8678K [0x00000000d5d80000, 0x0000000100000000, 0x0000000100000000)
  eden space 499200K, 0% used [0x00000000d5d80000,0x00000000d5d80000,0x00000000f4500000)
  from space 92160K, 9% used [0x00000000f4500000,0x00000000f4d79aa8,0x00000000f9f00000)
  to   space 95232K, 0% used [0x00000000fa300000,0x00000000fa300000,0x0000000100000000)
 ParOldGen       total 174592K, used 158659K [0x0000000081800000, 0x000000008c280000, 0x00000000d5d80000)
  object space 174592K, 90% used [0x0000000081800000,0x000000008b2f0d38,0x000000008c280000)
 Metaspace       used 18367K, capacity 18626K, committed 18944K, reserved 1067008K
  class space    used 2201K, capacity 2297K, committed 2304K, reserved 1048576K

