# JRE version: Java(TM) SE Runtime Environment (8.0_221-b11) (build 1.8.0_221-b11)
# Java VM: Java HotSpot(TM) 64-Bit Server VM (25.221-b11 mixed mode windows-amd64 compressed oops)
Heap:
 PSYoungGen      total 460800K, used 53901K [0x00000000d5d80000, 0x0000000100000000, 0x0000000100000000)
  eden space 230912K, 0% used [0x00000000d5d80000,0x00000000d5d80000,0x00000000e3f00000)
  from space 229888K, 23% used [0x00000000e3f00000,0x00000000e73a3658,0x00000000f1f80000)
  to   space 229888K, 0% used [0x00000000f1f80000,0x00000000f1f80000,0x0000000100000000)
 ParOldGen       total 717824K, used 697576K [0x0000000081800000, 0x00000000ad500000, 0x00000000d5d80000)
  object space 717824K, 97% used [0x0000000081800000,0x00000000ac13a398,0x00000000ad500000)
 Metaspace       used 26161K, capacity 26496K, committed 26928K, reserved 1073152K
  class space    used 3432K, capacity 3552K, committed 3632K, reserved 1048576K
GC Heap History (10 events):
Event: 90.846 GC heap after
Heap after GC invocations=39 (full 6):
 PSYoungGen      total 460800K, used 40703K [0x00000000d5d80000, 0x0000000100000000, 0x0000000100000000)
  eden space 230912K, 0% used [0x00000000d5d80000,0x00000000d5d80000,0x00000000e3f00000)
  from space 229888K, 17% used [0x00000000e3f00000,0x00000000e66bfe28,0x00000000f1f80000)
  to   space 229888K, 0% used [0x00000000f1f80000,0x00000000f1f80000,0x0000000100000000)
 ParOldGen       total 717824K, used 530774K [0x0000000081800000, 0x00000000ad500000, 0x00000000d5d80000)
  object space 717824K, 73% used [0x0000000081800000,0x00000000a1e55bb0,0x00000000ad500000)
 Metaspace       used 26161K, capacity 26496K, committed 26928K, reserved 1073152K
  class space    used 3432K, capacity 3552K, committed 3632K, reserved 1048576K
}
Event: 93.033 GC heap before
{Heap before GC invocations=40 (full 6):
 PSYoungGen      total 460800K, used 271615K [0x00000000d5d80000, 0x0000000100000000, 0x0000000100000000)
  eden space 230912K, 100% used [0x00000000d5d80000,0x00000000e3f00000,0x00000000e3f00000)
  from space 229888K, 17% used [0x00000000e3f00000,0x00000000e66bfe28,0x00000000f1f80000)
  to   space 229888K, 0% used [0x00000000f1f80000,0x00000000f1f80000,0x0000000100000000)
 ParOldGen       total 717824K, used 530774K [0x0000000081800000, 0x00000000ad500000, 0x00000000d5d80000)
  object space 717824K, 73% used [0x0000000081800000,0x00000000a1e55bb0,0x00000000ad500000)
 Metaspace       used 26161K, capacity 26496K, committed 26928K, reserved 1073152K
  class space    used 3432K, capacity 3552K, committed 3632K, reserved 1048576K
Event: 93.190 GC heap after
Heap after GC invocations=40 (full 6):
 PSYoungGen      total 460800K, used 137277K [0x00000000d5d80000, 0x0000000100000000, 0x0000000100000000)
  eden space 230912K, 0% used [0x00000000d5d80000,0x00000000d5d80000,0x00000000e3f00000)
  from space 229888K, 59% used [0x00000000f1f80000,0x00000000fa58f768,0x0000000100000000)
  to   space 229888K, 0% used [0x00000000e3f00000,0x00000000e3f00000,0x00000000f1f80000)
 ParOldGen       total 717824K, used 542150K [0x0000000081800000, 0x00000000ad500000, 0x00000000d5d80000)
  object space 717824K, 75% used [0x0000000081800000,0x00000000a29719e8,0x00000000ad500000)
 Metaspace       used 26161K, capacity 26496K, committed 26928K, reserved 1073152K
  class space    used 3432K, capacity 3552K, committed 3632K, reserved 1048576K
}
Event: 94.455 GC heap before
{Heap before GC invocations=41 (full 6):
 PSYoungGen      total 460800K, used 368189K [0x00000000d5d80000, 0x0000000100000000, 0x0000000100000000)
  eden space 230912K, 100% used [0x00000000d5d80000,0x00000000e3f00000,0x00000000e3f00000)
  from space 229888K, 59% used [0x00000000f1f80000,0x00000000fa58f768,0x0000000100000000)
  to   space 229888K, 0% used [0x00000000e3f00000,0x00000000e3f00000,0x00000000f1f80000)
 ParOldGen       total 717824K, used 542150K [0x0000000081800000, 0x00000000ad500000, 0x00000000d5d80000)
  object space 717824K, 75% used [0x0000000081800000,0x00000000a29719e8,0x00000000ad500000)
 Metaspace       used 26161K, capacity 26496K, committed 26928K, reserved 1073152K
  class space    used 3432K, capacity 3552K, committed 3632K, reserved 1048576K
Event: 94.622 GC heap after
Heap after GC invocations=41 (full 6):
 PSYoungGen      total 460800K, used 150985K [0x00000000d5d80000, 0x0000000100000000, 0x0000000100000000)
  eden space 230912K, 0% used [0x00000000d5d80000,0x00000000d5d80000,0x00000000e3f00000)
  from space 229888K, 65% used [0x00000000e3f00000,0x00000000ed272478,0x00000000f1f80000)
  to   space 229888K, 0% used [0x00000000f1f80000,0x00000000f1f80000,0x0000000100000000)
 ParOldGen       total 717824K, used 550793K [0x0000000081800000, 0x00000000ad500000, 0x00000000d5d80000)
  object space 717824K, 76% used [0x0000000081800000,0x00000000a31e2530,0x00000000ad500000)
 Metaspace       used 26161K, capacity 26496K, committed 26928K, reserved 1073152K
  class space    used 3432K, capacity 3552K, committed 3632K, reserved 1048576K
}
Event: 96.078 GC heap before
{Heap before GC invocations=42 (full 6):
 PSYoungGen      total 460800K, used 381897K [0x00000000d5d80000, 0x0000000100000000, 0x0000000100000000)
  eden space 230912K, 100% used [0x00000000d5d80000,0x00000000e3f00000,0x00000000e3f00000)
  from space 229888K, 65% used [0x00000000e3f00000,0x00000000ed272478,0x00000000f1f80000)
  to   space 229888K, 0% used [0x00000000f1f80000,0x00000000f1f80000,0x0000000100000000)
 ParOldGen       total 717824K, used 550793K [0x0000000081800000, 0x00000000ad500000, 0x00000000d5d80000)
  object space 717824K, 76% used [0x0000000081800000,0x00000000a31e2530,0x00000000ad500000)
 Metaspace       used 26161K, capacity 26496K, committed 26928K, reserved 1073152K
  class space    used 3432K, capacity 3552K, committed 3632K, reserved 1048576K
Event: 96.275 GC heap after
Heap after GC invocations=42 (full 6):
 PSYoungGen      total 460800K, used 154841K [0x00000000d5d80000, 0x0000000100000000, 0x0000000100000000)
  eden space 230912K, 0% used [0x00000000d5d80000,0x00000000d5d80000,0x00000000e3f00000)
  from space 229888K, 67% used [0x00000000f1f80000,0x00000000fb6b65f8,0x0000000100000000)
  to   space 229888K, 0% used [0x00000000e3f00000,0x00000000e3f00000,0x00000000f1f80000)
 ParOldGen       total 717824K, used 570437K [0x0000000081800000, 0x00000000ad500000, 0x00000000d5d80000)
  object space 717824K, 79% used [0x0000000081800000,0x00000000a45117e0,0x00000000ad500000)
 Metaspace       used 26161K, capacity 26496K, committed 26928K, reserved 1073152K
  class space    used 3432K, capacity 3552K, committed 3632K, reserved 1048576K
}
Event: 97.798 GC heap before
{Heap before GC invocations=43 (full 6):
 PSYoungGen      total 460800K, used 385753K [0x00000000d5d80000, 0x0000000100000000, 0x0000000100000000)
  eden space 230912K, 100% used [0x00000000d5d80000,0x00000000e3f00000,0x00000000e3f00000)
  from space 229888K, 67% used [0x00000000f1f80000,0x00000000fb6b65f8,0x0000000100000000)
  to   space 229888K, 0% used [0x00000000e3f00000,0x00000000e3f00000,0x00000000f1f80000)
 ParOldGen       total 717824K, used 570437K [0x0000000081800000, 0x00000000ad500000, 0x00000000d5d80000)
  object space 717824K, 79% used [0x0000000081800000,0x00000000a45117e0,0x00000000ad500000)
 Metaspace       used 26161K, capacity 26496K, committed 26928K, reserved 1073152K
  class space    used 3432K, capacity 3552K, committed 3632K, reserved 1048576K
Event: 98.060 GC heap after
Heap after GC invocations=43 (full 6):
 PSYoungGen      total 460800K, used 53901K [0x00000000d5d80000, 0x0000000100000000, 0x0000000100000000)
  eden space 230912K, 0% used [0x00000000d5d80000,0x00000000d5d80000,0x00000000e3f00000)
  from space 229888K, 23% used [0x00000000e3f00000,0x00000000e73a3658,0x00000000f1f80000)
  to   space 229888K, 0% used [0x00000000f1f80000,0x00000000f1f80000,0x0000000100000000)
 ParOldGen       total 717824K, used 697576K [0x0000000081800000, 0x00000000ad500000, 0x00000000d5d80000)
  object space 717824K, 97% used [0x0000000081800000,0x00000000ac13a398,0x00000000ad500000)
 Metaspace       used 26161K, capacity 26496K, committed 26928K, reserved 1073152K
  class space    used 3432K, capacity 3552K, committed 3632K, reserved 1048576K
}
Event: 98.060 GC heap before
{Heap before GC invocations=44 (full 7):
 PSYoungGen      total 460800K, used 53901K [0x00000000d5d80000, 0x0000000100000000, 0x0000000100000000)
  eden space 230912K, 0% used [0x00000000d5d80000,0x00000000d5d80000,0x00000000e3f00000)
  from space 229888K, 23% used [0x00000000e3f00000,0x00000000e73a3658,0x00000000f1f80000)
  to   space 229888K, 0% used [0x00000000f1f80000,0x00000000f1f80000,0x0000000100000000)
 ParOldGen       total 717824K, used 697576K [0x0000000081800000, 0x00000000ad500000, 0x00000000d5d80000)
  object space 717824K, 97% used [0x0000000081800000,0x00000000ac13a398,0x00000000ad500000)
 Metaspace       used 26161K, capacity 26496K, committed 26928K, reserved 1073152K
  class space    used 3432K, capacity 3552K, committed 3632K, reserved 1048576K

