# JRE version: Java(TM) SE Runtime Environment (8.0_221-b11) (build 1.8.0_221-b11)
# Java VM: Java HotSpot(TM) 64-Bit Server VM (25.221-b11 mixed mode windows-amd64 compressed oops)
Heap:
 PSYoungGen      total 460800K, used 114883K [0x00000000d5d80000, 0x0000000100000000, 0x0000000100000000)
  eden space 230912K, 17% used [0x00000000d5d80000,0x00000000d8549250,0x00000000e3f00000)
  from space 229888K, 32% used [0x00000000f1f80000,0x00000000f67e7bc0,0x0000000100000000)
  to   space 229888K, 0% used [0x00000000e3f00000,0x00000000e3f00000,0x00000000f1f80000)
 ParOldGen       total 934400K, used 689700K [0x0000000081800000, 0x00000000ba880000, 0x00000000d5d80000)
  object space 934400K, 73% used [0x0000000081800000,0x00000000ab989058,0x00000000ba880000)
 Metaspace       used 26221K, capacity 26560K, committed 26880K, reserved 1073152K
  class space    used 3432K, capacity 3552K, committed 3584K, reserved 1048576K
GC Heap History (10 events):
Event: 114.922 GC heap before
{Heap before GC invocations=41 (full 6):
 PSYoungGen      total 460800K, used 369464K [0x00000000d5d80000, 0x0000000100000000, 0x0000000100000000)
  eden space 230912K, 100% used [0x00000000d5d80000,0x00000000e3f00000,0x00000000e3f00000)
  from space 229888K, 60% used [0x00000000f1f80000,0x00000000fa6ce3e8,0x0000000100000000)
  to   space 229888K, 0% used [0x00000000e3f00000,0x00000000e3f00000,0x00000000f1f80000)
 ParOldGen       total 708096K, used 535596K [0x0000000081800000, 0x00000000acb80000, 0x00000000d5d80000)
  object space 708096K, 75% used [0x0000000081800000,0x00000000a230b3f0,0x00000000acb80000)
 Metaspace       used 26220K, capacity 26560K, committed 26880K, reserved 1073152K
  class space    used 3432K, capacity 3552K, committed 3584K, reserved 1048576K
Event: 115.137 GC heap after
Heap after GC invocations=41 (full 6):
 PSYoungGen      total 460800K, used 148990K [0x00000000d5d80000, 0x0000000100000000, 0x0000000100000000)
  eden space 230912K, 0% used [0x00000000d5d80000,0x00000000d5d80000,0x00000000e3f00000)
  from space 229888K, 64% used [0x00000000e3f00000,0x00000000ed07fa00,0x00000000f1f80000)
  to   space 229888K, 0% used [0x00000000f1f80000,0x00000000f1f80000,0x0000000100000000)
 ParOldGen       total 708096K, used 545018K [0x0000000081800000, 0x00000000acb80000, 0x00000000d5d80000)
  object space 708096K, 76% used [0x0000000081800000,0x00000000a2c3eac0,0x00000000acb80000)
 Metaspace       used 26220K, capacity 26560K, committed 26880K, reserved 1073152K
  class space    used 3432K, capacity 3552K, committed 3584K, reserved 1048576K
}
Event: 116.906 GC heap before
{Heap before GC invocations=42 (full 6):
 PSYoungGen      total 460800K, used 379902K [0x00000000d5d80000, 0x0000000100000000, 0x0000000100000000)
  eden space 230912K, 100% used [0x00000000d5d80000,0x00000000e3f00000,0x00000000e3f00000)
  from space 229888K, 64% used [0x00000000e3f00000,0x00000000ed07fa00,0x00000000f1f80000)
  to   space 229888K, 0% used [0x00000000f1f80000,0x00000000f1f80000,0x0000000100000000)
 ParOldGen       total 708096K, used 545018K [0x0000000081800000, 0x00000000acb80000, 0x00000000d5d80000)
  object space 708096K, 76% used [0x0000000081800000,0x00000000a2c3eac0,0x00000000acb80000)
 Metaspace       used 26220K, capacity 26560K, committed 26880K, reserved 1073152K
  class space    used 3432K, capacity 3552K, committed 3584K, reserved 1048576K
Event: 117.160 GC heap after
Heap after GC invocations=42 (full 6):
 PSYoungGen      total 460800K, used 152631K [0x00000000d5d80000, 0x0000000100000000, 0x0000000100000000)
  eden space 230912K, 0% used [0x00000000d5d80000,0x00000000d5d80000,0x00000000e3f00000)
  from space 229888K, 66% used [0x00000000f1f80000,0x00000000fb48dea8,0x0000000100000000)
  to   space 229888K, 0% used [0x00000000e3f00000,0x00000000e3f00000,0x00000000f1f80000)
 ParOldGen       total 708096K, used 565039K [0x0000000081800000, 0x00000000acb80000, 0x00000000d5d80000)
  object space 708096K, 79% used [0x0000000081800000,0x00000000a3fcbc78,0x00000000acb80000)
 Metaspace       used 26220K, capacity 26560K, committed 26880K, reserved 1073152K
  class space    used 3432K, capacity 3552K, committed 3584K, reserved 1048576K
}
Event: 118.890 GC heap before
{Heap before GC invocations=43 (full 6):
 PSYoungGen      total 460800K, used 383543K [0x00000000d5d80000, 0x0000000100000000, 0x0000000100000000)
  eden space 230912K, 100% used [0x00000000d5d80000,0x00000000e3f00000,0x00000000e3f00000)
  from space 229888K, 66% used [0x00000000f1f80000,0x00000000fb48dea8,0x0000000100000000)
  to   space 229888K, 0% used [0x00000000e3f00000,0x00000000e3f00000,0x00000000f1f80000)
 ParOldGen       total 708096K, used 565039K [0x0000000081800000, 0x00000000acb80000, 0x00000000d5d80000)
  object space 708096K, 79% used [0x0000000081800000,0x00000000a3fcbc78,0x00000000acb80000)
 Metaspace       used 26221K, capacity 26560K, committed 26880K, reserved 1073152K
  class space    used 3432K, capacity 3552K, committed 3584K, reserved 1048576K
Event: 119.207 GC heap after
Heap after GC invocations=43 (full 6):
 PSYoungGen      total 460800K, used 53327K [0x00000000d5d80000, 0x0000000100000000, 0x0000000100000000)
  eden space 230912K, 0% used [0x00000000d5d80000,0x00000000d5d80000,0x00000000e3f00000)
  from space 229888K, 23% used [0x00000000e3f00000,0x00000000e7313d60,0x00000000f1f80000)
  to   space 229888K, 0% used [0x00000000f1f80000,0x00000000f1f80000,0x0000000100000000)
 ParOldGen       total 708096K, used 690393K [0x0000000081800000, 0x00000000acb80000, 0x00000000d5d80000)
  object space 708096K, 97% used [0x0000000081800000,0x00000000aba36438,0x00000000acb80000)
 Metaspace       used 26221K, capacity 26560K, committed 26880K, reserved 1073152K
  class space    used 3432K, capacity 3552K, committed 3584K, reserved 1048576K
}
Event: 119.208 GC heap before
{Heap before GC invocations=44 (full 7):
 PSYoungGen      total 460800K, used 53327K [0x00000000d5d80000, 0x0000000100000000, 0x0000000100000000)
  eden space 230912K, 0% used [0x00000000d5d80000,0x00000000d5d80000,0x00000000e3f00000)
  from space 229888K, 23% used [0x00000000e3f00000,0x00000000e7313d60,0x00000000f1f80000)
  to   space 229888K, 0% used [0x00000000f1f80000,0x00000000f1f80000,0x0000000100000000)
 ParOldGen       total 708096K, used 690393K [0x0000000081800000, 0x00000000acb80000, 0x00000000d5d80000)
  object space 708096K, 97% used [0x0000000081800000,0x00000000aba36438,0x00000000acb80000)
 Metaspace       used 26221K, capacity 26560K, committed 26880K, reserved 1073152K
  class space    used 3432K, capacity 3552K, committed 3584K, reserved 1048576K
Event: 123.404 GC heap after
Heap after GC invocations=44 (full 7):
 PSYoungGen      total 460800K, used 0K [0x00000000d5d80000, 0x0000000100000000, 0x0000000100000000)
  eden space 230912K, 0% used [0x00000000d5d80000,0x00000000d5d80000,0x00000000e3f00000)
  from space 229888K, 0% used [0x00000000e3f00000,0x00000000e3f00000,0x00000000f1f80000)
  to   space 229888K, 0% used [0x00000000f1f80000,0x00000000f1f80000,0x0000000100000000)
 ParOldGen       total 934400K, used 689692K [0x0000000081800000, 0x00000000ba880000, 0x00000000d5d80000)
  object space 934400K, 73% used [0x0000000081800000,0x00000000ab987058,0x00000000ba880000)
 Metaspace       used 26221K, capacity 26560K, committed 26880K, reserved 1073152K
  class space    used 3432K, capacity 3552K, committed 3584K, reserved 1048576K
}
Event: 128.351 GC heap before
{Heap before GC invocations=45 (full 7):
 PSYoungGen      total 460800K, used 230912K [0x00000000d5d80000, 0x0000000100000000, 0x0000000100000000)
  eden space 230912K, 100% used [0x00000000d5d80000,0x00000000e3f00000,0x00000000e3f00000)
  from space 229888K, 0% used [0x00000000e3f00000,0x00000000e3f00000,0x00000000f1f80000)
  to   space 229888K, 0% used [0x00000000f1f80000,0x00000000f1f80000,0x0000000100000000)
 ParOldGen       total 934400K, used 689692K [0x0000000081800000, 0x00000000ba880000, 0x00000000d5d80000)
  object space 934400K, 73% used [0x0000000081800000,0x00000000ab987058,0x00000000ba880000)
 Metaspace       used 26221K, capacity 26560K, committed 26880K, reserved 1073152K
  class space    used 3432K, capacity 3552K, committed 3584K, reserved 1048576K
Event: 128.454 GC heap after
Heap after GC invocations=45 (full 7):
 PSYoungGen      total 460800K, used 74142K [0x00000000d5d80000, 0x0000000100000000, 0x0000000100000000)
  eden space 230912K, 0% used [0x00000000d5d80000,0x00000000d5d80000,0x00000000e3f00000)
  from space 229888K, 32% used [0x00000000f1f80000,0x00000000f67e7bc0,0x0000000100000000)
  to   space 229888K, 0% used [0x00000000e3f00000,0x00000000e3f00000,0x00000000f1f80000)
 ParOldGen       total 934400K, used 689700K [0x0000000081800000, 0x00000000ba880000, 0x00000000d5d80000)
  object space 934400K, 73% used [0x0000000081800000,0x00000000ab989058,0x00000000ba880000)
 Metaspace       used 26221K, capacity 26560K, committed 26880K, reserved 1073152K
  class space    used 3432K, capacity 3552K, committed 3584K, reserved 1048576K
}

