# JRE version: Java(TM) SE Runtime Environment (8.0_221-b11) (build 1.8.0_221-b11)
# Java VM: Java HotSpot(TM) 64-Bit Server VM (25.221-b11 mixed mode windows-amd64 compressed oops)
Heap:
 PSYoungGen      total 451584K, used 278175K [0x00000000d5d80000, 0x0000000100000000, 0x0000000100000000)
  eden space 230912K, 100% used [0x00000000d5d80000,0x00000000e3f00000,0x00000000e3f00000)
  from space 220672K, 21% used [0x00000000e3f00000,0x00000000e6d27e80,0x00000000f1680000)
  to   space 217600K, 20% used [0x00000000f2b80000,0x00000000f572f000,0x0000000100000000)
 ParOldGen       total 702464K, used 537988K [0x0000000081800000, 0x00000000ac600000, 0x00000000d5d80000)
  object space 702464K, 76% used [0x0000000081800000,0x00000000a2561050,0x00000000ac600000)
 Metaspace       used 26514K, capacity 26808K, committed 27136K, reserved 1073152K
  class space    used 3437K, capacity 3552K, committed 3584K, reserved 1048576K
GC Heap History (10 events):
Event: 127.082 GC heap after
Heap after GC invocations=35 (full 5):
 PSYoungGen      total 460800K, used 146135K [0x00000000d5d80000, 0x0000000100000000, 0x0000000100000000)
  eden space 230912K, 0% used [0x00000000d5d80000,0x00000000d5d80000,0x00000000e3f00000)
  from space 229888K, 63% used [0x00000000f1f80000,0x00000000fae35c50,0x0000000100000000)
  to   space 229888K, 0% used [0x00000000e3f00000,0x00000000e3f00000,0x00000000f1f80000)
 ParOldGen       total 504832K, used 387851K [0x0000000081800000, 0x00000000a0500000, 0x00000000d5d80000)
  object space 504832K, 76% used [0x0000000081800000,0x00000000992c2d98,0x00000000a0500000)
 Metaspace       used 26236K, capacity 26552K, committed 26880K, reserved 1073152K
  class space    used 3432K, capacity 3552K, committed 3584K, reserved 1048576K
}
Event: 129.040 GC heap before
{Heap before GC invocations=36 (full 5):
 PSYoungGen      total 460800K, used 377047K [0x00000000d5d80000, 0x0000000100000000, 0x0000000100000000)
  eden space 230912K, 100% used [0x00000000d5d80000,0x00000000e3f00000,0x00000000e3f00000)
  from space 229888K, 63% used [0x00000000f1f80000,0x00000000fae35c50,0x0000000100000000)
  to   space 229888K, 0% used [0x00000000e3f00000,0x00000000e3f00000,0x00000000f1f80000)
 ParOldGen       total 504832K, used 387851K [0x0000000081800000, 0x00000000a0500000, 0x00000000d5d80000)
  object space 504832K, 76% used [0x0000000081800000,0x00000000992c2d98,0x00000000a0500000)
 Metaspace       used 26236K, capacity 26552K, committed 26880K, reserved 1073152K
  class space    used 3432K, capacity 3552K, committed 3584K, reserved 1048576K
Event: 129.665 GC heap after
Heap after GC invocations=36 (full 5):
 PSYoungGen      total 460800K, used 121172K [0x00000000d5d80000, 0x0000000100000000, 0x0000000100000000)
  eden space 230912K, 0% used [0x00000000d5d80000,0x00000000d5d80000,0x00000000e3f00000)
  from space 229888K, 52% used [0x00000000e3f00000,0x00000000eb5550e8,0x00000000f1f80000)
  to   space 229888K, 0% used [0x00000000f1f80000,0x00000000f1f80000,0x0000000100000000)
 ParOldGen       total 504832K, used 428618K [0x0000000081800000, 0x00000000a0500000, 0x00000000d5d80000)
  object space 504832K, 84% used [0x0000000081800000,0x000000009ba92b28,0x00000000a0500000)
 Metaspace       used 26236K, capacity 26552K, committed 26880K, reserved 1073152K
  class space    used 3432K, capacity 3552K, committed 3584K, reserved 1048576K
}
Event: 131.737 GC heap before
{Heap before GC invocations=37 (full 5):
 PSYoungGen      total 460800K, used 352084K [0x00000000d5d80000, 0x0000000100000000, 0x0000000100000000)
  eden space 230912K, 100% used [0x00000000d5d80000,0x00000000e3f00000,0x00000000e3f00000)
  from space 229888K, 52% used [0x00000000e3f00000,0x00000000eb5550e8,0x00000000f1f80000)
  to   space 229888K, 0% used [0x00000000f1f80000,0x00000000f1f80000,0x0000000100000000)
 ParOldGen       total 504832K, used 428618K [0x0000000081800000, 0x00000000a0500000, 0x00000000d5d80000)
  object space 504832K, 84% used [0x0000000081800000,0x000000009ba92b28,0x00000000a0500000)
 Metaspace       used 26236K, capacity 26552K, committed 26880K, reserved 1073152K
  class space    used 3432K, capacity 3552K, committed 3584K, reserved 1048576K
Event: 132.256 GC heap after
Heap after GC invocations=37 (full 5):
 PSYoungGen      total 442368K, used 95488K [0x00000000d5d80000, 0x00000000fee00000, 0x0000000100000000)
  eden space 230912K, 0% used [0x00000000d5d80000,0x00000000d5d80000,0x00000000e3f00000)
  from space 211456K, 45% used [0x00000000f1f80000,0x00000000f7cc0100,0x00000000fee00000)
  to   space 220672K, 0% used [0x00000000e3f00000,0x00000000e3f00000,0x00000000f1680000)
 ParOldGen       total 504832K, used 469862K [0x0000000081800000, 0x00000000a0500000, 0x00000000d5d80000)
  object space 504832K, 93% used [0x0000000081800000,0x000000009e2d9a80,0x00000000a0500000)
 Metaspace       used 26236K, capacity 26552K, committed 26880K, reserved 1073152K
  class space    used 3432K, capacity 3552K, committed 3584K, reserved 1048576K
}
Event: 132.256 GC heap before
{Heap before GC invocations=38 (full 6):
 PSYoungGen      total 442368K, used 95488K [0x00000000d5d80000, 0x00000000fee00000, 0x0000000100000000)
  eden space 230912K, 0% used [0x00000000d5d80000,0x00000000d5d80000,0x00000000e3f00000)
  from space 211456K, 45% used [0x00000000f1f80000,0x00000000f7cc0100,0x00000000fee00000)
  to   space 220672K, 0% used [0x00000000e3f00000,0x00000000e3f00000,0x00000000f1680000)
 ParOldGen       total 504832K, used 469862K [0x0000000081800000, 0x00000000a0500000, 0x00000000d5d80000)
  object space 504832K, 93% used [0x0000000081800000,0x000000009e2d9a80,0x00000000a0500000)
 Metaspace       used 26236K, capacity 26552K, committed 26880K, reserved 1073152K
  class space    used 3432K, capacity 3552K, committed 3584K, reserved 1048576K
Event: 139.373 GC heap after
Heap after GC invocations=38 (full 6):
 PSYoungGen      total 442368K, used 48236K [0x00000000d5d80000, 0x00000000fee00000, 0x0000000100000000)
  eden space 230912K, 0% used [0x00000000d5d80000,0x00000000d5d80000,0x00000000e3f00000)
  from space 211456K, 22% used [0x00000000f1f80000,0x00000000f4e9b2d8,0x00000000fee00000)
  to   space 220672K, 0% used [0x00000000e3f00000,0x00000000e3f00000,0x00000000f1680000)
 ParOldGen       total 702464K, used 504790K [0x0000000081800000, 0x00000000ac600000, 0x00000000d5d80000)
  object space 702464K, 71% used [0x0000000081800000,0x00000000a04f5b60,0x00000000ac600000)
 Metaspace       used 26236K, capacity 26552K, committed 26880K, reserved 1073152K
  class space    used 3432K, capacity 3552K, committed 3584K, reserved 1048576K
}
Event: 141.836 GC heap before
{Heap before GC invocations=39 (full 6):
 PSYoungGen      total 442368K, used 279148K [0x00000000d5d80000, 0x00000000fee00000, 0x0000000100000000)
  eden space 230912K, 100% used [0x00000000d5d80000,0x00000000e3f00000,0x00000000e3f00000)
  from space 211456K, 22% used [0x00000000f1f80000,0x00000000f4e9b2d8,0x00000000fee00000)
  to   space 220672K, 0% used [0x00000000e3f00000,0x00000000e3f00000,0x00000000f1680000)
 ParOldGen       total 702464K, used 504790K [0x0000000081800000, 0x00000000ac600000, 0x00000000d5d80000)
  object space 702464K, 71% used [0x0000000081800000,0x00000000a04f5b60,0x00000000ac600000)
 Metaspace       used 26236K, capacity 26552K, committed 26880K, reserved 1073152K
  class space    used 3432K, capacity 3552K, committed 3584K, reserved 1048576K
Event: 142.286 GC heap after
Heap after GC invocations=39 (full 6):
 PSYoungGen      total 451584K, used 47263K [0x00000000d5d80000, 0x0000000100000000, 0x0000000100000000)
  eden space 230912K, 0% used [0x00000000d5d80000,0x00000000d5d80000,0x00000000e3f00000)
  from space 220672K, 21% used [0x00000000e3f00000,0x00000000e6d27e80,0x00000000f1680000)
  to   space 217600K, 0% used [0x00000000f2b80000,0x00000000f2b80000,0x0000000100000000)
 ParOldGen       total 702464K, used 522846K [0x0000000081800000, 0x00000000ac600000, 0x00000000d5d80000)
  object space 702464K, 74% used [0x0000000081800000,0x00000000a1697aa0,0x00000000ac600000)
 Metaspace       used 26236K, capacity 26552K, committed 26880K, reserved 1073152K
  class space    used 3432K, capacity 3552K, committed 3584K, reserved 1048576K
}
Event: 554.038 GC heap before
{Heap before GC invocations=40 (full 6):
 PSYoungGen      total 451584K, used 278175K [0x00000000d5d80000, 0x0000000100000000, 0x0000000100000000)
  eden space 230912K, 100% used [0x00000000d5d80000,0x00000000e3f00000,0x00000000e3f00000)
  from space 220672K, 21% used [0x00000000e3f00000,0x00000000e6d27e80,0x00000000f1680000)
  to   space 217600K, 0% used [0x00000000f2b80000,0x00000000f2b80000,0x0000000100000000)
 ParOldGen       total 702464K, used 522846K [0x0000000081800000, 0x00000000ac600000, 0x00000000d5d80000)
  object space 702464K, 74% used [0x0000000081800000,0x00000000a1697aa0,0x00000000ac600000)
 Metaspace       used 26514K, capacity 26808K, committed 27136K, reserved 1073152K
  class space    used 3437K, capacity 3552K, committed 3584K, reserved 1048576K

